<?xml version="1.0" encoding="UTF-8"?>
<!-- Generated by org.testng.reporters.JUnitReportReporter -->
<testsuite hostname="Lyncean-PC" name="scnerios.UploadDocument" tests="1" failures="0" timestamp="3 May 2017 18:58:25 GMT" time="67.610" errors="0">
  <testcase name="testImportScenerio" time="67.610" classname="scnerios.UploadDocument"/>
</testsuite> <!-- scnerios.UploadDocument -->
